C51 COMPILER V9.50a   MAIN                                                                 01/12/2020 09:08:07 PAGE 1   


C51 COMPILER V9.50a, COMPILATION OF MODULE MAIN
OBJECT MODULE PLACED IN main.OBJ
COMPILER INVOKED BY: C:\Keil\C51\BIN\C51.EXE main.c BROWSE DEBUG OBJECTEXTEND TABS(2)

line level    source

   1          #include<reg51.h>
   2          sbit led=P1^0;
   3          
   4          void delay(unsigned int a);
   5          
   6          int main()
   7          {
   8   1        while(1)
   9   1        {
  10   2          led=1;
  11   2          delay(10);
  12   2          led=0;
  13   2          delay(10);
  14   2        }
  15   1      }
  16          
  17          void delay(unsigned int a)
  18          {
  19   1        unsigned int b;
  20   1        for(b=0;b<=1000*a;b++);
  21   1      }


MODULE INFORMATION:   STATIC OVERLAYABLE
   CODE SIZE        =     51    ----
   CONSTANT SIZE    =   ----    ----
   XDATA SIZE       =   ----    ----
   PDATA SIZE       =   ----    ----
   DATA SIZE        =   ----    ----
   IDATA SIZE       =   ----    ----
   BIT SIZE         =   ----    ----
END OF MODULE INFORMATION.


C51 COMPILATION COMPLETE.  0 WARNING(S),  0 ERROR(S)
